<?xml version="1.0" encoding="UTF-8"?>
<!-- Generated by org.testng.reporters.JUnitReportReporter -->
<testsuite hostname="QT-INBG-LT0475" failures="0" tests="1" name="Test.Mobile" time="8.522" errors="0" timestamp="2022-08-03T20:46:04 IST" skipped="0">
  <testcase classname="Test.Mobile" name="SignUp" time="8.522"/>
  <system-out/>
</testsuite> <!-- Test.Mobile -->
