<?xml version="1.0" encoding="UTF-8"?>
<!-- Generated by org.testng.reporters.JUnitReportReporter -->
<testsuite hostname="QT-INBG-LT0475" failures="0" tests="4" name="Test.Mobile" time="21.192" errors="0" timestamp="2022-08-02T18:54:30 IST" skipped="0">
  <testcase classname="Test.Mobile" name="SignUp" time="7.281"/>
  <system-out/>
  <testcase classname="Test.Mobile" name="signin" time="3.449"/>
  <system-out/>
  <testcase classname="Test.Mobile" name="Order" time="5.377"/>
  <system-out/>
  <testcase classname="Test.Mobile" name="contactus" time="5.085"/>
  <system-out/>
</testsuite> <!-- Test.Mobile -->
