<?xml version="1.0" encoding="UTF-8"?>
<!-- Generated by org.testng.reporters.JUnitReportReporter -->
<testsuite hostname="QT-INBG-LT0475" failures="0" tests="1" name="Pages.Testing" time="6.815" errors="0" timestamp="2022-07-28T11:44:26 IST" skipped="0">
  <testcase classname="Pages.Testing" name="main" time="6.815"/>
  <system-out/>
</testsuite> <!-- Pages.Testing -->
