<?xml version="1.0" encoding="UTF-8"?>
<!-- Generated by org.testng.reporters.JUnitReportReporter -->
<testsuite hostname="QT-INBG-LT0475" failures="0" tests="3" name="Test.Mobile" time="17.772" errors="0" timestamp="2022-08-02T10:54:50 IST" skipped="0">
  <testcase classname="Test.Mobile" name="SignUp" time="8.283"/>
  <system-out/>
  <testcase classname="Test.Mobile" name="contactus" time="5.301"/>
  <system-out/>
  <testcase classname="Test.Mobile" name="signin" time="4.188"/>
  <system-out/>
</testsuite> <!-- Test.Mobile -->
