<?xml version="1.0" encoding="UTF-8"?>
<!-- Generated by org.testng.reporters.JUnitReportReporter -->
<testsuite hostname="QT-INBG-LT0475" failures="0" tests="2" name="Test.Mobile" time="15.919" errors="0" timestamp="2022-08-02T09:57:34 IST" skipped="0">
  <testcase classname="Test.Mobile" name="signin" time="8.478"/>
  <system-out/>
  <testcase classname="Test.Mobile" name="SignUp" time="7.441"/>
  <system-out/>
</testsuite> <!-- Test.Mobile -->
