<?xml version="1.0" encoding="UTF-8"?>
<!-- Generated by org.testng.reporters.JUnitReportReporter -->
<testsuite hostname="QT-INBG-LT0475" failures="0" tests="7" name="Test.Mobiletest" time="30.505" errors="0" timestamp="2022-08-03T23:26:04 IST" skipped="0">
  <testcase classname="Test.Mobiletest" name="testsignup" time="4.481"/>
  <system-out/>
  <testcase classname="Test.Mobiletest" name="testlogin" time="3.520"/>
  <system-out/>
  <testcase classname="Test.Mobiletest" name="testlogin" time="3.599"/>
  <system-out/>
  <testcase classname="Test.Mobiletest" name="testlogin" time="3.890"/>
  <system-out/>
  <testcase classname="Test.Mobiletest" name="testlogin" time="3.575"/>
  <system-out/>
  <testcase classname="Test.Mobiletest" name="order" time="4.612"/>
  <system-out/>
  <testcase classname="Test.Mobiletest" name="contactus" time="6.828"/>
  <system-out/>
</testsuite> <!-- Test.Mobiletest -->
