<?xml version="1.0" encoding="UTF-8"?>
<!-- Generated by org.testng.reporters.JUnitReportReporter -->
<testsuite hostname="QT-INBG-LT0475" failures="0" tests="1" name="Test.Mobile" time="7.102" errors="0" timestamp="2022-08-01T23:47:45 IST" skipped="0">
  <testcase classname="Test.Mobile" name="SignUp" time="7.102"/>
  <system-out/>
</testsuite> <!-- Test.Mobile -->
