<?xml version="1.0" encoding="UTF-8"?>
<!-- Generated by org.testng.reporters.JUnitReportReporter -->
<testsuite hostname="QT-INBG-LT0475" failures="0" tests="4" name="Test.Mobiletest" time="16.378" errors="0" timestamp="2022-08-03T23:20:52 IST" skipped="0">
  <testcase classname="Test.Mobiletest" name="testlogin" time="5.504"/>
  <system-out/>
  <testcase classname="Test.Mobiletest" name="testlogin" time="3.701"/>
  <system-out/>
  <testcase classname="Test.Mobiletest" name="testlogin" time="3.503"/>
  <system-out/>
  <testcase classname="Test.Mobiletest" name="testlogin" time="3.670"/>
  <system-out/>
</testsuite> <!-- Test.Mobiletest -->
