<?xml version="1.0" encoding="UTF-8"?>
<!-- Generated by org.testng.reporters.JUnitReportReporter -->
<testsuite hostname="QT-INBG-LT0475" failures="0" tests="8" name="Test.Mobile" time="31.270" errors="0" timestamp="2022-08-03T16:51:36 IST" skipped="0">
  <testcase classname="Test.Mobile" name="SignUp" time="5.939"/>
  <system-out/>
  <testcase classname="Test.Mobile" name="signin" time="3.564"/>
  <system-out/>
  <testcase classname="Test.Mobile" name="signin" time="3.099"/>
  <system-out/>
  <testcase classname="Test.Mobile" name="signin" time="3.093"/>
  <system-out/>
  <testcase classname="Test.Mobile" name="signin" time="3.063"/>
  <system-out/>
  <testcase classname="Test.Mobile" name="allmobiles" time="3.877"/>
  <system-out/>
  <testcase classname="Test.Mobile" name="Order" time="4.197"/>
  <system-out/>
  <testcase classname="Test.Mobile" name="contactus" time="4.438"/>
  <system-out/>
</testsuite> <!-- Test.Mobile -->
